<?xml version="1.0" encoding="UTF-8"?>
<testsuite name="org.logstash.filters.parser.UnixEpochParserTest" tests="316" skipped="0" failures="0" errors="0" timestamp="2017-01-16T09:46:06" hostname="Burkays-MacBook-Pro.local" time="0.047">
  <properties/>
  <testcase name="parsesEpoch0[0]" classname="org.logstash.filters.parser.UnixEpochParserTest" time="0.0"/>
  <testcase name="parsesEpoch0[1]" classname="org.logstash.filters.parser.UnixEpochParserTest" time="0.001"/>
  <testcase name="parsesEpoch0[2]" classname="org.logstash.filters.parser.UnixEpochParserTest" time="0.0"/>
  <testcase name="parsesEpoch0[3]" classname="org.logstash.filters.parser.UnixEpochParserTest" time="0.0"/>
  <testcase name="parsesEpoch0[4]" classname="org.logstash.filters.parser.UnixEpochParserTest" time="0.0"/>
  <testcase name="parsesEpoch0[5]" classname="org.logstash.filters.parser.UnixEpochParserTest" time="0.0"/>
  <testcase name="parsesEpoch0[6]" classname="org.logstash.filters.parser.UnixEpochParserTest" time="0.001"/>
  <testcase name="parsesEpoch0[7]" classname="org.logstash.filters.parser.UnixEpochParserTest" time="0.0"/>
  <testcase name="parsesEpoch0[8]" classname="org.logstash.filters.parser.UnixEpochParserTest" time="0.001"/>
  <testcase name="parsesEpoch0[9]" classname="org.logstash.filters.parser.UnixEpochParserTest" time="0.0"/>
  <testcase name="parsesEpoch0[10]" classname="org.logstash.filters.parser.UnixEpochParserTest" time="0.0"/>
  <testcase name="parsesEpoch0[11]" classname="org.logstash.filters.parser.UnixEpochParserTest" time="0.0"/>
  <testcase name="parsesEpoch0[12]" classname="org.logstash.filters.parser.UnixEpochParserTest" time="0.0"/>
  <testcase name="parsesEpoch0[13]" classname="org.logstash.filters.parser.UnixEpochParserTest" time="0.0"/>
  <testcase name="parsesEpoch0[14]" classname="org.logstash.filters.parser.UnixEpochParserTest" time="0.0"/>
  <testcase name="parsesEpoch0[15]" classname="org.logstash.filters.parser.UnixEpochParserTest" time="0.001"/>
  <testcase name="parsesEpoch0[16]" classname="org.logstash.filters.parser.UnixEpochParserTest" time="0.0"/>
  <testcase name="parsesEpoch0[17]" classname="org.logstash.filters.parser.UnixEpochParserTest" time="0.0"/>
  <testcase name="parsesEpoch0[18]" classname="org.logstash.filters.parser.UnixEpochParserTest" time="0.0"/>
  <testcase name="parsesEpoch0[19]" classname="org.logstash.filters.parser.UnixEpochParserTest" time="0.0"/>
  <testcase name="parsesEpoch0[20]" classname="org.logstash.filters.parser.UnixEpochParserTest" time="0.0"/>
  <testcase name="parsesEpoch0[21]" classname="org.logstash.filters.parser.UnixEpochParserTest" time="0.0"/>
  <testcase name="parsesEpoch0[22]" classname="org.logstash.filters.parser.UnixEpochParserTest" time="0.0"/>
  <testcase name="parsesEpoch0[23]" classname="org.logstash.filters.parser.UnixEpochParserTest" time="0.0"/>
  <testcase name="parsesEpoch0[24]" classname="org.logstash.filters.parser.UnixEpochParserTest" time="0.0"/>
  <testcase name="parsesEpoch0[25]" classname="org.logstash.filters.parser.UnixEpochParserTest" time="0.0"/>
  <testcase name="parsesEpoch0[26]" classname="org.logstash.filters.parser.UnixEpochParserTest" time="0.0"/>
  <testcase name="parsesEpoch0[27]" classname="org.logstash.filters.parser.UnixEpochParserTest" time="0.0"/>
  <testcase name="parsesEpoch0[28]" classname="org.logstash.filters.parser.UnixEpochParserTest" time="0.0"/>
  <testcase name="parsesEpoch0[29]" classname="org.logstash.filters.parser.UnixEpochParserTest" time="0.0"/>
  <testcase name="parsesEpoch0[30]" classname="org.logstash.filters.parser.UnixEpochParserTest" time="0.0"/>
  <testcase name="parsesEpoch0[31]" classname="org.logstash.filters.parser.UnixEpochParserTest" time="0.0"/>
  <testcase name="parsesEpoch0[32]" classname="org.logstash.filters.parser.UnixEpochParserTest" time="0.0"/>
  <testcase name="parsesEpoch0[33]" classname="org.logstash.filters.parser.UnixEpochParserTest" time="0.0"/>
  <testcase name="parsesEpoch0[34]" classname="org.logstash.filters.parser.UnixEpochParserTest" time="0.0"/>
  <testcase name="parsesEpoch0[35]" classname="org.logstash.filters.parser.UnixEpochParserTest" time="0.0"/>
  <testcase name="parsesEpoch0[36]" classname="org.logstash.filters.parser.UnixEpochParserTest" time="0.0"/>
  <testcase name="parsesEpoch0[37]" classname="org.logstash.filters.parser.UnixEpochParserTest" time="0.0"/>
  <testcase name="parsesEpoch0[38]" classname="org.logstash.filters.parser.UnixEpochParserTest" time="0.0"/>
  <testcase name="parsesEpoch0[39]" classname="org.logstash.filters.parser.UnixEpochParserTest" time="0.0"/>
  <testcase name="parsesEpoch0[40]" classname="org.logstash.filters.parser.UnixEpochParserTest" time="0.0"/>
  <testcase name="parsesEpoch0[41]" classname="org.logstash.filters.parser.UnixEpochParserTest" time="0.0"/>
  <testcase name="parsesEpoch0[42]" classname="org.logstash.filters.parser.UnixEpochParserTest" time="0.0"/>
  <testcase name="parsesEpoch0[43]" classname="org.logstash.filters.parser.UnixEpochParserTest" time="0.0"/>
  <testcase name="parsesEpoch0[44]" classname="org.logstash.filters.parser.UnixEpochParserTest" time="0.0"/>
  <testcase name="parsesEpoch0[45]" classname="org.logstash.filters.parser.UnixEpochParserTest" time="0.0"/>
  <testcase name="parsesEpoch0[46]" classname="org.logstash.filters.parser.UnixEpochParserTest" time="0.0"/>
  <testcase name="parsesEpoch0[47]" classname="org.logstash.filters.parser.UnixEpochParserTest" time="0.0"/>
  <testcase name="parsesEpoch0[48]" classname="org.logstash.filters.parser.UnixEpochParserTest" time="0.0"/>
  <testcase name="parsesEpoch0[49]" classname="org.logstash.filters.parser.UnixEpochParserTest" time="0.0"/>
  <testcase name="parsesEpoch0[50]" classname="org.logstash.filters.parser.UnixEpochParserTest" time="0.0"/>
  <testcase name="parsesEpoch0[51]" classname="org.logstash.filters.parser.UnixEpochParserTest" time="0.0"/>
  <testcase name="parsesEpoch0[52]" classname="org.logstash.filters.parser.UnixEpochParserTest" time="0.0"/>
  <testcase name="parsesEpoch0[53]" classname="org.logstash.filters.parser.UnixEpochParserTest" time="0.0"/>
  <testcase name="parsesEpoch0[54]" classname="org.logstash.filters.parser.UnixEpochParserTest" time="0.0"/>
  <testcase name="parsesEpoch0[55]" classname="org.logstash.filters.parser.UnixEpochParserTest" time="0.0"/>
  <testcase name="parsesEpoch0[56]" classname="org.logstash.filters.parser.UnixEpochParserTest" time="0.0"/>
  <testcase name="parsesEpoch0[57]" classname="org.logstash.filters.parser.UnixEpochParserTest" time="0.0"/>
  <testcase name="parsesEpoch0[58]" classname="org.logstash.filters.parser.UnixEpochParserTest" time="0.0"/>
  <testcase name="parsesEpoch0[59]" classname="org.logstash.filters.parser.UnixEpochParserTest" time="0.0"/>
  <testcase name="parsesEpoch0[60]" classname="org.logstash.filters.parser.UnixEpochParserTest" time="0.0"/>
  <testcase name="parsesEpoch0[61]" classname="org.logstash.filters.parser.UnixEpochParserTest" time="0.0"/>
  <testcase name="parsesEpoch0[62]" classname="org.logstash.filters.parser.UnixEpochParserTest" time="0.001"/>
  <testcase name="parsesEpoch0[63]" classname="org.logstash.filters.parser.UnixEpochParserTest" time="0.0"/>
  <testcase name="parsesEpoch0[64]" classname="org.logstash.filters.parser.UnixEpochParserTest" time="0.0"/>
  <testcase name="parsesEpoch0[65]" classname="org.logstash.filters.parser.UnixEpochParserTest" time="0.0"/>
  <testcase name="parsesEpoch0[66]" classname="org.logstash.filters.parser.UnixEpochParserTest" time="0.0"/>
  <testcase name="parsesEpoch0[67]" classname="org.logstash.filters.parser.UnixEpochParserTest" time="0.0"/>
  <testcase name="parsesEpoch0[68]" classname="org.logstash.filters.parser.UnixEpochParserTest" time="0.0"/>
  <testcase name="parsesEpoch0[69]" classname="org.logstash.filters.parser.UnixEpochParserTest" time="0.0"/>
  <testcase name="parsesEpoch0[70]" classname="org.logstash.filters.parser.UnixEpochParserTest" time="0.0"/>
  <testcase name="parsesEpoch0[71]" classname="org.logstash.filters.parser.UnixEpochParserTest" time="0.0"/>
  <testcase name="parsesEpoch0[72]" classname="org.logstash.filters.parser.UnixEpochParserTest" time="0.0"/>
  <testcase name="parsesEpoch0[73]" classname="org.logstash.filters.parser.UnixEpochParserTest" time="0.0"/>
  <testcase name="parsesEpoch0[74]" classname="org.logstash.filters.parser.UnixEpochParserTest" time="0.0"/>
  <testcase name="parsesEpoch0[75]" classname="org.logstash.filters.parser.UnixEpochParserTest" time="0.0"/>
  <testcase name="parsesEpoch0[76]" classname="org.logstash.filters.parser.UnixEpochParserTest" time="0.0"/>
  <testcase name="parsesEpoch0[77]" classname="org.logstash.filters.parser.UnixEpochParserTest" time="0.0"/>
  <testcase name="parsesEpoch0[78]" classname="org.logstash.filters.parser.UnixEpochParserTest" time="0.0"/>
  <testcase name="parsesEpoch0[79]" classname="org.logstash.filters.parser.UnixEpochParserTest" time="0.0"/>
  <testcase name="parsesEpoch0[80]" classname="org.logstash.filters.parser.UnixEpochParserTest" time="0.0"/>
  <testcase name="parsesEpoch0[81]" classname="org.logstash.filters.parser.UnixEpochParserTest" time="0.0"/>
  <testcase name="parsesEpoch0[82]" classname="org.logstash.filters.parser.UnixEpochParserTest" time="0.0"/>
  <testcase name="parsesEpoch0[83]" classname="org.logstash.filters.parser.UnixEpochParserTest" time="0.0"/>
  <testcase name="parsesEpoch0[84]" classname="org.logstash.filters.parser.UnixEpochParserTest" time="0.0"/>
  <testcase name="parsesEpoch0[85]" classname="org.logstash.filters.parser.UnixEpochParserTest" time="0.0"/>
  <testcase name="parsesEpoch0[86]" classname="org.logstash.filters.parser.UnixEpochParserTest" time="0.0"/>
  <testcase name="parsesEpoch0[87]" classname="org.logstash.filters.parser.UnixEpochParserTest" time="0.0"/>
  <testcase name="parsesEpoch0[88]" classname="org.logstash.filters.parser.UnixEpochParserTest" time="0.0"/>
  <testcase name="parsesEpoch0[89]" classname="org.logstash.filters.parser.UnixEpochParserTest" time="0.0"/>
  <testcase name="parsesEpoch0[90]" classname="org.logstash.filters.parser.UnixEpochParserTest" time="0.0"/>
  <testcase name="parsesEpoch0[91]" classname="org.logstash.filters.parser.UnixEpochParserTest" time="0.0"/>
  <testcase name="parsesEpoch0[92]" classname="org.logstash.filters.parser.UnixEpochParserTest" time="0.0"/>
  <testcase name="parsesEpoch0[93]" classname="org.logstash.filters.parser.UnixEpochParserTest" time="0.0"/>
  <testcase name="parsesEpoch0[94]" classname="org.logstash.filters.parser.UnixEpochParserTest" time="0.0"/>
  <testcase name="parsesEpoch0[95]" classname="org.logstash.filters.parser.UnixEpochParserTest" time="0.0"/>
  <testcase name="parsesEpoch0[96]" classname="org.logstash.filters.parser.UnixEpochParserTest" time="0.0"/>
  <testcase name="parsesEpoch0[97]" classname="org.logstash.filters.parser.UnixEpochParserTest" time="0.0"/>
  <testcase name="parsesEpoch0[98]" classname="org.logstash.filters.parser.UnixEpochParserTest" time="0.0"/>
  <testcase name="parsesEpoch0[99]" classname="org.logstash.filters.parser.UnixEpochParserTest" time="0.0"/>
  <testcase name="parsesEpoch0[100]" classname="org.logstash.filters.parser.UnixEpochParserTest" time="0.0"/>
  <testcase name="parsesEpoch0[101]" classname="org.logstash.filters.parser.UnixEpochParserTest" time="0.0"/>
  <testcase name="parsesEpoch0[102]" classname="org.logstash.filters.parser.UnixEpochParserTest" time="0.0"/>
  <testcase name="parsesEpoch0[103]" classname="org.logstash.filters.parser.UnixEpochParserTest" time="0.0"/>
  <testcase name="parsesEpoch0[104]" classname="org.logstash.filters.parser.UnixEpochParserTest" time="0.0"/>
  <testcase name="parsesEpoch0[105]" classname="org.logstash.filters.parser.UnixEpochParserTest" time="0.0"/>
  <testcase name="parsesEpoch0[106]" classname="org.logstash.filters.parser.UnixEpochParserTest" time="0.0"/>
  <testcase name="parsesEpoch0[107]" classname="org.logstash.filters.parser.UnixEpochParserTest" time="0.0"/>
  <testcase name="parsesEpoch0[108]" classname="org.logstash.filters.parser.UnixEpochParserTest" time="0.0"/>
  <testcase name="parsesEpoch0[109]" classname="org.logstash.filters.parser.UnixEpochParserTest" time="0.0"/>
  <testcase name="parsesEpoch0[110]" classname="org.logstash.filters.parser.UnixEpochParserTest" time="0.0"/>
  <testcase name="parsesEpoch0[111]" classname="org.logstash.filters.parser.UnixEpochParserTest" time="0.0"/>
  <testcase name="parsesEpoch0[112]" classname="org.logstash.filters.parser.UnixEpochParserTest" time="0.0"/>
  <testcase name="parsesEpoch0[113]" classname="org.logstash.filters.parser.UnixEpochParserTest" time="0.0"/>
  <testcase name="parsesEpoch0[114]" classname="org.logstash.filters.parser.UnixEpochParserTest" time="0.0"/>
  <testcase name="parsesEpoch0[115]" classname="org.logstash.filters.parser.UnixEpochParserTest" time="0.0"/>
  <testcase name="parsesEpoch0[116]" classname="org.logstash.filters.parser.UnixEpochParserTest" time="0.0"/>
  <testcase name="parsesEpoch0[117]" classname="org.logstash.filters.parser.UnixEpochParserTest" time="0.0"/>
  <testcase name="parsesEpoch0[118]" classname="org.logstash.filters.parser.UnixEpochParserTest" time="0.0"/>
  <testcase name="parsesEpoch0[119]" classname="org.logstash.filters.parser.UnixEpochParserTest" time="0.0"/>
  <testcase name="parsesEpoch0[120]" classname="org.logstash.filters.parser.UnixEpochParserTest" time="0.0"/>
  <testcase name="parsesEpoch0[121]" classname="org.logstash.filters.parser.UnixEpochParserTest" time="0.0"/>
  <testcase name="parsesEpoch0[122]" classname="org.logstash.filters.parser.UnixEpochParserTest" time="0.0"/>
  <testcase name="parsesEpoch0[123]" classname="org.logstash.filters.parser.UnixEpochParserTest" time="0.0"/>
  <testcase name="parsesEpoch0[124]" classname="org.logstash.filters.parser.UnixEpochParserTest" time="0.0"/>
  <testcase name="parsesEpoch0[125]" classname="org.logstash.filters.parser.UnixEpochParserTest" time="0.0"/>
  <testcase name="parsesEpoch0[126]" classname="org.logstash.filters.parser.UnixEpochParserTest" time="0.001"/>
  <testcase name="parsesEpoch0[127]" classname="org.logstash.filters.parser.UnixEpochParserTest" time="0.0"/>
  <testcase name="parsesEpoch0[128]" classname="org.logstash.filters.parser.UnixEpochParserTest" time="0.0"/>
  <testcase name="parsesEpoch0[129]" classname="org.logstash.filters.parser.UnixEpochParserTest" time="0.0"/>
  <testcase name="parsesEpoch0[130]" classname="org.logstash.filters.parser.UnixEpochParserTest" time="0.0"/>
  <testcase name="parsesEpoch0[131]" classname="org.logstash.filters.parser.UnixEpochParserTest" time="0.0"/>
  <testcase name="parsesEpoch0[132]" classname="org.logstash.filters.parser.UnixEpochParserTest" time="0.0"/>
  <testcase name="parsesEpoch0[133]" classname="org.logstash.filters.parser.UnixEpochParserTest" time="0.0"/>
  <testcase name="parsesEpoch0[134]" classname="org.logstash.filters.parser.UnixEpochParserTest" time="0.0"/>
  <testcase name="parsesEpoch0[135]" classname="org.logstash.filters.parser.UnixEpochParserTest" time="0.0"/>
  <testcase name="parsesEpoch0[136]" classname="org.logstash.filters.parser.UnixEpochParserTest" time="0.0"/>
  <testcase name="parsesEpoch0[137]" classname="org.logstash.filters.parser.UnixEpochParserTest" time="0.0"/>
  <testcase name="parsesEpoch0[138]" classname="org.logstash.filters.parser.UnixEpochParserTest" time="0.0"/>
  <testcase name="parsesEpoch0[139]" classname="org.logstash.filters.parser.UnixEpochParserTest" time="0.0"/>
  <testcase name="parsesEpoch0[140]" classname="org.logstash.filters.parser.UnixEpochParserTest" time="0.0"/>
  <testcase name="parsesEpoch0[141]" classname="org.logstash.filters.parser.UnixEpochParserTest" time="0.001"/>
  <testcase name="parsesEpoch0[142]" classname="org.logstash.filters.parser.UnixEpochParserTest" time="0.0"/>
  <testcase name="parsesEpoch0[143]" classname="org.logstash.filters.parser.UnixEpochParserTest" time="0.0"/>
  <testcase name="parsesEpoch0[144]" classname="org.logstash.filters.parser.UnixEpochParserTest" time="0.0"/>
  <testcase name="parsesEpoch0[145]" classname="org.logstash.filters.parser.UnixEpochParserTest" time="0.0"/>
  <testcase name="parsesEpoch0[146]" classname="org.logstash.filters.parser.UnixEpochParserTest" time="0.0"/>
  <testcase name="parsesEpoch0[147]" classname="org.logstash.filters.parser.UnixEpochParserTest" time="0.0"/>
  <testcase name="parsesEpoch0[148]" classname="org.logstash.filters.parser.UnixEpochParserTest" time="0.0"/>
  <testcase name="parsesEpoch0[149]" classname="org.logstash.filters.parser.UnixEpochParserTest" time="0.0"/>
  <testcase name="parsesEpoch0[150]" classname="org.logstash.filters.parser.UnixEpochParserTest" time="0.0"/>
  <testcase name="parsesEpoch0[151]" classname="org.logstash.filters.parser.UnixEpochParserTest" time="0.0"/>
  <testcase name="parsesEpoch0[152]" classname="org.logstash.filters.parser.UnixEpochParserTest" time="0.0"/>
  <testcase name="parsesEpoch0[153]" classname="org.logstash.filters.parser.UnixEpochParserTest" time="0.0"/>
  <testcase name="parsesEpoch0[154]" classname="org.logstash.filters.parser.UnixEpochParserTest" time="0.0"/>
  <testcase name="parsesEpoch0[155]" classname="org.logstash.filters.parser.UnixEpochParserTest" time="0.0"/>
  <testcase name="parsesEpoch0[156]" classname="org.logstash.filters.parser.UnixEpochParserTest" time="0.0"/>
  <testcase name="parsesEpoch0[157]" classname="org.logstash.filters.parser.UnixEpochParserTest" time="0.0"/>
  <testcase name="parsesEpoch0[158]" classname="org.logstash.filters.parser.UnixEpochParserTest" time="0.0"/>
  <testcase name="parsesEpoch0[159]" classname="org.logstash.filters.parser.UnixEpochParserTest" time="0.0"/>
  <testcase name="parsesEpoch0[160]" classname="org.logstash.filters.parser.UnixEpochParserTest" time="0.0"/>
  <testcase name="parsesEpoch0[161]" classname="org.logstash.filters.parser.UnixEpochParserTest" time="0.0"/>
  <testcase name="parsesEpoch0[162]" classname="org.logstash.filters.parser.UnixEpochParserTest" time="0.0"/>
  <testcase name="parsesEpoch0[163]" classname="org.logstash.filters.parser.UnixEpochParserTest" time="0.0"/>
  <testcase name="parsesEpoch0[164]" classname="org.logstash.filters.parser.UnixEpochParserTest" time="0.0"/>
  <testcase name="parsesEpoch0[165]" classname="org.logstash.filters.parser.UnixEpochParserTest" time="0.0"/>
  <testcase name="parsesEpoch0[166]" classname="org.logstash.filters.parser.UnixEpochParserTest" time="0.0"/>
  <testcase name="parsesEpoch0[167]" classname="org.logstash.filters.parser.UnixEpochParserTest" time="0.001"/>
  <testcase name="parsesEpoch0[168]" classname="org.logstash.filters.parser.UnixEpochParserTest" time="0.0"/>
  <testcase name="parsesEpoch0[169]" classname="org.logstash.filters.parser.UnixEpochParserTest" time="0.0"/>
  <testcase name="parsesEpoch0[170]" classname="org.logstash.filters.parser.UnixEpochParserTest" time="0.0"/>
  <testcase name="parsesEpoch0[171]" classname="org.logstash.filters.parser.UnixEpochParserTest" time="0.0"/>
  <testcase name="parsesEpoch0[172]" classname="org.logstash.filters.parser.UnixEpochParserTest" time="0.0"/>
  <testcase name="parsesEpoch0[173]" classname="org.logstash.filters.parser.UnixEpochParserTest" time="0.0"/>
  <testcase name="parsesEpoch0[174]" classname="org.logstash.filters.parser.UnixEpochParserTest" time="0.0"/>
  <testcase name="parsesEpoch0[175]" classname="org.logstash.filters.parser.UnixEpochParserTest" time="0.0"/>
  <testcase name="parsesEpoch0[176]" classname="org.logstash.filters.parser.UnixEpochParserTest" time="0.0"/>
  <testcase name="parsesEpoch0[177]" classname="org.logstash.filters.parser.UnixEpochParserTest" time="0.0"/>
  <testcase name="parsesEpoch0[178]" classname="org.logstash.filters.parser.UnixEpochParserTest" time="0.0"/>
  <testcase name="parsesEpoch0[179]" classname="org.logstash.filters.parser.UnixEpochParserTest" time="0.0"/>
  <testcase name="parsesEpoch0[180]" classname="org.logstash.filters.parser.UnixEpochParserTest" time="0.0"/>
  <testcase name="parsesEpoch0[181]" classname="org.logstash.filters.parser.UnixEpochParserTest" time="0.0"/>
  <testcase name="parsesEpoch0[182]" classname="org.logstash.filters.parser.UnixEpochParserTest" time="0.0"/>
  <testcase name="parsesEpoch0[183]" classname="org.logstash.filters.parser.UnixEpochParserTest" time="0.001"/>
  <testcase name="parsesEpoch0[184]" classname="org.logstash.filters.parser.UnixEpochParserTest" time="0.0"/>
  <testcase name="parsesEpoch0[185]" classname="org.logstash.filters.parser.UnixEpochParserTest" time="0.0"/>
  <testcase name="parsesEpoch0[186]" classname="org.logstash.filters.parser.UnixEpochParserTest" time="0.0"/>
  <testcase name="parsesEpoch0[187]" classname="org.logstash.filters.parser.UnixEpochParserTest" time="0.0"/>
  <testcase name="parsesEpoch0[188]" classname="org.logstash.filters.parser.UnixEpochParserTest" time="0.0"/>
  <testcase name="parsesEpoch0[189]" classname="org.logstash.filters.parser.UnixEpochParserTest" time="0.0"/>
  <testcase name="parsesEpoch0[190]" classname="org.logstash.filters.parser.UnixEpochParserTest" time="0.0"/>
  <testcase name="parsesEpoch0[191]" classname="org.logstash.filters.parser.UnixEpochParserTest" time="0.0"/>
  <testcase name="parsesEpoch0[192]" classname="org.logstash.filters.parser.UnixEpochParserTest" time="0.0"/>
  <testcase name="parsesEpoch0[193]" classname="org.logstash.filters.parser.UnixEpochParserTest" time="0.0"/>
  <testcase name="parsesEpoch0[194]" classname="org.logstash.filters.parser.UnixEpochParserTest" time="0.0"/>
  <testcase name="parsesEpoch0[195]" classname="org.logstash.filters.parser.UnixEpochParserTest" time="0.0"/>
  <testcase name="parsesEpoch0[196]" classname="org.logstash.filters.parser.UnixEpochParserTest" time="0.0"/>
  <testcase name="parsesEpoch0[197]" classname="org.logstash.filters.parser.UnixEpochParserTest" time="0.0"/>
  <testcase name="parsesEpoch0[198]" classname="org.logstash.filters.parser.UnixEpochParserTest" time="0.0"/>
  <testcase name="parsesEpoch0[199]" classname="org.logstash.filters.parser.UnixEpochParserTest" time="0.001"/>
  <testcase name="parsesEpoch0[200]" classname="org.logstash.filters.parser.UnixEpochParserTest" time="0.0"/>
  <testcase name="parsesEpoch0[201]" classname="org.logstash.filters.parser.UnixEpochParserTest" time="0.0"/>
  <testcase name="parsesEpoch0[202]" classname="org.logstash.filters.parser.UnixEpochParserTest" time="0.0"/>
  <testcase name="parsesEpoch0[203]" classname="org.logstash.filters.parser.UnixEpochParserTest" time="0.0"/>
  <testcase name="parsesEpoch0[204]" classname="org.logstash.filters.parser.UnixEpochParserTest" time="0.0"/>
  <testcase name="parsesEpoch0[205]" classname="org.logstash.filters.parser.UnixEpochParserTest" time="0.0"/>
  <testcase name="parsesEpoch0[206]" classname="org.logstash.filters.parser.UnixEpochParserTest" time="0.0"/>
  <testcase name="parsesEpoch0[207]" classname="org.logstash.filters.parser.UnixEpochParserTest" time="0.0"/>
  <testcase name="parsesEpoch0[208]" classname="org.logstash.filters.parser.UnixEpochParserTest" time="0.0"/>
  <testcase name="parsesEpoch0[209]" classname="org.logstash.filters.parser.UnixEpochParserTest" time="0.001"/>
  <testcase name="parsesEpoch0[210]" classname="org.logstash.filters.parser.UnixEpochParserTest" time="0.0"/>
  <testcase name="parsesEpoch0[211]" classname="org.logstash.filters.parser.UnixEpochParserTest" time="0.0"/>
  <testcase name="parsesEpoch0[212]" classname="org.logstash.filters.parser.UnixEpochParserTest" time="0.0"/>
  <testcase name="parsesEpoch0[213]" classname="org.logstash.filters.parser.UnixEpochParserTest" time="0.0"/>
  <testcase name="parsesEpoch0[214]" classname="org.logstash.filters.parser.UnixEpochParserTest" time="0.0"/>
  <testcase name="parsesEpoch0[215]" classname="org.logstash.filters.parser.UnixEpochParserTest" time="0.0"/>
  <testcase name="parsesEpoch0[216]" classname="org.logstash.filters.parser.UnixEpochParserTest" time="0.0"/>
  <testcase name="parsesEpoch0[217]" classname="org.logstash.filters.parser.UnixEpochParserTest" time="0.0"/>
  <testcase name="parsesEpoch0[218]" classname="org.logstash.filters.parser.UnixEpochParserTest" time="0.0"/>
  <testcase name="parsesEpoch0[219]" classname="org.logstash.filters.parser.UnixEpochParserTest" time="0.0"/>
  <testcase name="parsesEpoch0[220]" classname="org.logstash.filters.parser.UnixEpochParserTest" time="0.0"/>
  <testcase name="parsesEpoch0[221]" classname="org.logstash.filters.parser.UnixEpochParserTest" time="0.0"/>
  <testcase name="parsesEpoch0[222]" classname="org.logstash.filters.parser.UnixEpochParserTest" time="0.0"/>
  <testcase name="parsesEpoch0[223]" classname="org.logstash.filters.parser.UnixEpochParserTest" time="0.001"/>
  <testcase name="parsesEpoch0[224]" classname="org.logstash.filters.parser.UnixEpochParserTest" time="0.0"/>
  <testcase name="parsesEpoch0[225]" classname="org.logstash.filters.parser.UnixEpochParserTest" time="0.0"/>
  <testcase name="parsesEpoch0[226]" classname="org.logstash.filters.parser.UnixEpochParserTest" time="0.0"/>
  <testcase name="parsesEpoch0[227]" classname="org.logstash.filters.parser.UnixEpochParserTest" time="0.0"/>
  <testcase name="parsesEpoch0[228]" classname="org.logstash.filters.parser.UnixEpochParserTest" time="0.0"/>
  <testcase name="parsesEpoch0[229]" classname="org.logstash.filters.parser.UnixEpochParserTest" time="0.0"/>
  <testcase name="parsesEpoch0[230]" classname="org.logstash.filters.parser.UnixEpochParserTest" time="0.0"/>
  <testcase name="parsesEpoch0[231]" classname="org.logstash.filters.parser.UnixEpochParserTest" time="0.0"/>
  <testcase name="parsesEpoch0[232]" classname="org.logstash.filters.parser.UnixEpochParserTest" time="0.0"/>
  <testcase name="parsesEpoch0[233]" classname="org.logstash.filters.parser.UnixEpochParserTest" time="0.0"/>
  <testcase name="parsesEpoch0[234]" classname="org.logstash.filters.parser.UnixEpochParserTest" time="0.0"/>
  <testcase name="parsesEpoch0[235]" classname="org.logstash.filters.parser.UnixEpochParserTest" time="0.0"/>
  <testcase name="parsesEpoch0[236]" classname="org.logstash.filters.parser.UnixEpochParserTest" time="0.0"/>
  <testcase name="parsesEpoch0[237]" classname="org.logstash.filters.parser.UnixEpochParserTest" time="0.0"/>
  <testcase name="parsesEpoch0[238]" classname="org.logstash.filters.parser.UnixEpochParserTest" time="0.0"/>
  <testcase name="parsesEpoch0[239]" classname="org.logstash.filters.parser.UnixEpochParserTest" time="0.0"/>
  <testcase name="parsesEpoch0[240]" classname="org.logstash.filters.parser.UnixEpochParserTest" time="0.0"/>
  <testcase name="parsesEpoch0[241]" classname="org.logstash.filters.parser.UnixEpochParserTest" time="0.0"/>
  <testcase name="parsesEpoch0[242]" classname="org.logstash.filters.parser.UnixEpochParserTest" time="0.0"/>
  <testcase name="parsesEpoch0[243]" classname="org.logstash.filters.parser.UnixEpochParserTest" time="0.0"/>
  <testcase name="parsesEpoch0[244]" classname="org.logstash.filters.parser.UnixEpochParserTest" time="0.0"/>
  <testcase name="parsesEpoch0[245]" classname="org.logstash.filters.parser.UnixEpochParserTest" time="0.0"/>
  <testcase name="parsesEpoch0[246]" classname="org.logstash.filters.parser.UnixEpochParserTest" time="0.0"/>
  <testcase name="parsesEpoch0[247]" classname="org.logstash.filters.parser.UnixEpochParserTest" time="0.0"/>
  <testcase name="parsesEpoch0[248]" classname="org.logstash.filters.parser.UnixEpochParserTest" time="0.0"/>
  <testcase name="parsesEpoch0[249]" classname="org.logstash.filters.parser.UnixEpochParserTest" time="0.0"/>
  <testcase name="parsesEpoch0[250]" classname="org.logstash.filters.parser.UnixEpochParserTest" time="0.0"/>
  <testcase name="parsesEpoch0[251]" classname="org.logstash.filters.parser.UnixEpochParserTest" time="0.0"/>
  <testcase name="parsesEpoch0[252]" classname="org.logstash.filters.parser.UnixEpochParserTest" time="0.0"/>
  <testcase name="parsesEpoch0[253]" classname="org.logstash.filters.parser.UnixEpochParserTest" time="0.0"/>
  <testcase name="parsesEpoch0[254]" classname="org.logstash.filters.parser.UnixEpochParserTest" time="0.0"/>
  <testcase name="parsesEpoch0[255]" classname="org.logstash.filters.parser.UnixEpochParserTest" time="0.0"/>
  <testcase name="parsesEpoch0[256]" classname="org.logstash.filters.parser.UnixEpochParserTest" time="0.001"/>
  <testcase name="parsesEpoch0[257]" classname="org.logstash.filters.parser.UnixEpochParserTest" time="0.0"/>
  <testcase name="parsesEpoch0[258]" classname="org.logstash.filters.parser.UnixEpochParserTest" time="0.0"/>
  <testcase name="parsesEpoch0[259]" classname="org.logstash.filters.parser.UnixEpochParserTest" time="0.0"/>
  <testcase name="parsesEpoch0[260]" classname="org.logstash.filters.parser.UnixEpochParserTest" time="0.0"/>
  <testcase name="parsesEpoch0[261]" classname="org.logstash.filters.parser.UnixEpochParserTest" time="0.0"/>
  <testcase name="parsesEpoch0[262]" classname="org.logstash.filters.parser.UnixEpochParserTest" time="0.0"/>
  <testcase name="parsesEpoch0[263]" classname="org.logstash.filters.parser.UnixEpochParserTest" time="0.0"/>
  <testcase name="parsesEpoch0[264]" classname="org.logstash.filters.parser.UnixEpochParserTest" time="0.0"/>
  <testcase name="parsesEpoch0[265]" classname="org.logstash.filters.parser.UnixEpochParserTest" time="0.0"/>
  <testcase name="parsesEpoch0[266]" classname="org.logstash.filters.parser.UnixEpochParserTest" time="0.001"/>
  <testcase name="parsesEpoch0[267]" classname="org.logstash.filters.parser.UnixEpochParserTest" time="0.0"/>
  <testcase name="parsesEpoch0[268]" classname="org.logstash.filters.parser.UnixEpochParserTest" time="0.0"/>
  <testcase name="parsesEpoch0[269]" classname="org.logstash.filters.parser.UnixEpochParserTest" time="0.0"/>
  <testcase name="parsesEpoch0[270]" classname="org.logstash.filters.parser.UnixEpochParserTest" time="0.0"/>
  <testcase name="parsesEpoch0[271]" classname="org.logstash.filters.parser.UnixEpochParserTest" time="0.0"/>
  <testcase name="parsesEpoch0[272]" classname="org.logstash.filters.parser.UnixEpochParserTest" time="0.0"/>
  <testcase name="parsesEpoch0[273]" classname="org.logstash.filters.parser.UnixEpochParserTest" time="0.0"/>
  <testcase name="parsesEpoch0[274]" classname="org.logstash.filters.parser.UnixEpochParserTest" time="0.0"/>
  <testcase name="parsesEpoch0[275]" classname="org.logstash.filters.parser.UnixEpochParserTest" time="0.0"/>
  <testcase name="parsesEpoch0[276]" classname="org.logstash.filters.parser.UnixEpochParserTest" time="0.0"/>
  <testcase name="parsesEpoch0[277]" classname="org.logstash.filters.parser.UnixEpochParserTest" time="0.0"/>
  <testcase name="parsesEpoch0[278]" classname="org.logstash.filters.parser.UnixEpochParserTest" time="0.0"/>
  <testcase name="parsesEpoch0[279]" classname="org.logstash.filters.parser.UnixEpochParserTest" time="0.0"/>
  <testcase name="parsesEpoch0[280]" classname="org.logstash.filters.parser.UnixEpochParserTest" time="0.0"/>
  <testcase name="parsesEpoch0[281]" classname="org.logstash.filters.parser.UnixEpochParserTest" time="0.0"/>
  <testcase name="parsesEpoch0[282]" classname="org.logstash.filters.parser.UnixEpochParserTest" time="0.0"/>
  <testcase name="parsesEpoch0[283]" classname="org.logstash.filters.parser.UnixEpochParserTest" time="0.0"/>
  <testcase name="parsesEpoch0[284]" classname="org.logstash.filters.parser.UnixEpochParserTest" time="0.0"/>
  <testcase name="parsesEpoch0[285]" classname="org.logstash.filters.parser.UnixEpochParserTest" time="0.0"/>
  <testcase name="parsesEpoch0[286]" classname="org.logstash.filters.parser.UnixEpochParserTest" time="0.0"/>
  <testcase name="parsesEpoch0[287]" classname="org.logstash.filters.parser.UnixEpochParserTest" time="0.0"/>
  <testcase name="parsesEpoch0[288]" classname="org.logstash.filters.parser.UnixEpochParserTest" time="0.0"/>
  <testcase name="parsesEpoch0[289]" classname="org.logstash.filters.parser.UnixEpochParserTest" time="0.0"/>
  <testcase name="parsesEpoch0[290]" classname="org.logstash.filters.parser.UnixEpochParserTest" time="0.0"/>
  <testcase name="parsesEpoch0[291]" classname="org.logstash.filters.parser.UnixEpochParserTest" time="0.0"/>
  <testcase name="parsesEpoch0[292]" classname="org.logstash.filters.parser.UnixEpochParserTest" time="0.0"/>
  <testcase name="parsesEpoch0[293]" classname="org.logstash.filters.parser.UnixEpochParserTest" time="0.0"/>
  <testcase name="parsesEpoch0[294]" classname="org.logstash.filters.parser.UnixEpochParserTest" time="0.0"/>
  <testcase name="parsesEpoch0[295]" classname="org.logstash.filters.parser.UnixEpochParserTest" time="0.0"/>
  <testcase name="parsesEpoch0[296]" classname="org.logstash.filters.parser.UnixEpochParserTest" time="0.0"/>
  <testcase name="parsesEpoch0[297]" classname="org.logstash.filters.parser.UnixEpochParserTest" time="0.0"/>
  <testcase name="parsesEpoch0[298]" classname="org.logstash.filters.parser.UnixEpochParserTest" time="0.0"/>
  <testcase name="parsesEpoch0[299]" classname="org.logstash.filters.parser.UnixEpochParserTest" time="0.0"/>
  <testcase name="parsesEpoch0[300]" classname="org.logstash.filters.parser.UnixEpochParserTest" time="0.0"/>
  <testcase name="parsesEpoch0[301]" classname="org.logstash.filters.parser.UnixEpochParserTest" time="0.0"/>
  <testcase name="parsesEpoch0[302]" classname="org.logstash.filters.parser.UnixEpochParserTest" time="0.001"/>
  <testcase name="parsesEpoch0[303]" classname="org.logstash.filters.parser.UnixEpochParserTest" time="0.0"/>
  <testcase name="parsesEpoch0[304]" classname="org.logstash.filters.parser.UnixEpochParserTest" time="0.0"/>
  <testcase name="parsesEpoch0[305]" classname="org.logstash.filters.parser.UnixEpochParserTest" time="0.0"/>
  <testcase name="parsesEpoch0[306]" classname="org.logstash.filters.parser.UnixEpochParserTest" time="0.0"/>
  <testcase name="parsesEpoch0[307]" classname="org.logstash.filters.parser.UnixEpochParserTest" time="0.0"/>
  <testcase name="parsesEpoch0[308]" classname="org.logstash.filters.parser.UnixEpochParserTest" time="0.0"/>
  <testcase name="parsesEpoch0[309]" classname="org.logstash.filters.parser.UnixEpochParserTest" time="0.0"/>
  <testcase name="parsesEpoch0[310]" classname="org.logstash.filters.parser.UnixEpochParserTest" time="0.0"/>
  <testcase name="parsesEpoch0[311]" classname="org.logstash.filters.parser.UnixEpochParserTest" time="0.0"/>
  <testcase name="parsesEpoch0[312]" classname="org.logstash.filters.parser.UnixEpochParserTest" time="0.0"/>
  <testcase name="parsesEpoch0[313]" classname="org.logstash.filters.parser.UnixEpochParserTest" time="0.0"/>
  <testcase name="parsesEpoch0[314]" classname="org.logstash.filters.parser.UnixEpochParserTest" time="0.0"/>
  <testcase name="parsesEpoch0[315]" classname="org.logstash.filters.parser.UnixEpochParserTest" time="0.0"/>
  <system-out><![CDATA[]]></system-out>
  <system-err><![CDATA[]]></system-err>
</testsuite>
